<?xml version="1.0" encoding="UTF-8"?>
<!-- Generated by org.testng.reporters.JUnitReportReporter -->
<testsuite hostname="DESKTOP-BL08O2D" failures="0" tests="1" name="manufacturerTest.AddProductManufacturerTest" time="28.627" errors="0" timestamp="2024-11-25T22:08:12 IST" skipped="0">
  <testcase classname="manufacturerTest.AddProductManufacturerTest" name="addProductManufacturerTest" time="28.627"/>
</testsuite> <!-- manufacturerTest.AddProductManufacturerTest -->
