<?xml version="1.0" encoding="UTF-8"?>
<!-- Generated by org.testng.reporters.JUnitReportReporter -->
<testsuite hostname="DESKTOP-BL08O2D" failures="0" tests="1" name="manufacturerTest.ManufactureLoginTest" time="56.251" errors="0" timestamp="2024-11-23T06:13:54 IST" skipped="0">
  <testcase classname="manufacturerTest.ManufactureLoginTest" name="loginManufacturer" time="56.251"/>
</testsuite> <!-- manufacturerTest.ManufactureLoginTest -->
