<?xml version="1.0" encoding="UTF-8"?>
<!-- Generated by org.testng.reporters.JUnitReportReporter -->
<testsuite hostname="DESKTOP-BL08O2D" failures="0" tests="1" name="adminTest.ManufactureLoginTest" time="5.023" errors="0" timestamp="2024-11-22T15:34:00 IST" skipped="0">
  <testcase classname="adminTest.ManufactureLoginTest" name="loginManufacturer" time="5.023"/>
</testsuite> <!-- adminTest.ManufactureLoginTest -->
