<?xml version="1.0" encoding="UTF-8"?>
<!-- Generated by org.testng.reporters.JUnitReportReporter -->
<testsuite hostname="DESKTOP-BL08O2D" failures="0" tests="1" name="manufacturerTest.OrderManufacturerTest" time="4.636" errors="0" timestamp="2024-11-22T15:58:26 IST" skipped="0">
  <testcase classname="manufacturerTest.OrderManufacturerTest" name="manufacturerAproveProduct" time="4.636"/>
</testsuite> <!-- manufacturerTest.OrderManufacturerTest -->
